This is LuaHBTeX, Version 1.16.0 (TeX Live 2023)  (format=lualatex 2023.4.9)  18 SEP 2023 19:33
 system commands enabled.
 file:line:error style messages enabled.
**CT3536-Assignment-01.tex
(./CT3536-Assignment-01.tex
LaTeX2e <2022-11-01> patch level 1
Lua module: luaotfload 2022-10-03 3.23 Lua based OpenType font support
Lua module: lualibs 2022-10-04 2.75 ConTeXt Lua standard libraries.
Lua module: lualibs-extended 2022-10-04 2.75 ConTeXt Lua libraries -- extended collection.
luaotfload | conf : Root cache directory is "/home/andrew/.texlive2023/texmf-var/luatex-cache/generic/names".
luaotfload | init : Loading fontloader "fontloader-2022-10-03.lua" from kpse-resolved path "/opt/texlive/2023/texmf-dist/tex/luatex/luaotfload/fontloader-2022-10-03.lua".
Lua-only attribute luaotfload@noligature = 1
luaotfload | init : Context OpenType loader version 3.120
Inserting `luaotfload.node_processor' in `pre_linebreak_filter'.
Inserting `luaotfload.node_processor' in `hpack_filter'.
Inserting `luaotfload.glyph_stream' in `glyph_stream_provider'.
Inserting `luaotfload.define_font' in `define_font'.
Lua-only attribute luaotfload_color_attribute = 2
luaotfload | conf : Root cache directory is "/home/andrew/.texlive2023/texmf-var/luatex-cache/generic/names".
Inserting `luaotfload.harf.strip_prefix' in `find_opentype_file'.
Inserting `luaotfload.harf.strip_prefix' in `find_truetype_file'.
Removing  `luaotfload.glyph_stream' from `glyph_stream_provider'.
Inserting `luaotfload.harf.glyphstream' in `glyph_stream_provider'.
Inserting `luaotfload.harf.finalize_vlist' in `post_linebreak_filter'.
Inserting `luaotfload.harf.finalize_hlist' in `hpack_filter'.
Inserting `luaotfload.cleanup_files' in `wrapup_run'.
Inserting `luaotfload.harf.finalize_unicode' in `finish_pdffile'.
Inserting `luaotfload.glyphinfo' in `glyph_info'.
Lua-only attribute luaotfload.letterspace_done = 3
Inserting `luaotfload.aux.set_sscale_dimens' in `luaotfload.patch_font'.
Inserting `luaotfload.aux.set_font_index' in `luaotfload.patch_font'.
Inserting `luaotfload.aux.patch_cambria_domh' in `luaotfload.patch_font'.
Inserting `luaotfload.aux.fixup_fontdata' in `luaotfload.patch_font_unsafe'.
Inserting `luaotfload.aux.set_capheight' in `luaotfload.patch_font'.
Inserting `luaotfload.aux.set_xheight' in `luaotfload.patch_font'.
Inserting `luaotfload.rewrite_fontname' in `luaotfload.patch_font'. L3 programming layer <2023-03-30>
Inserting `tracingstacklevels' in `input_level_string'. (/opt/texlive/2023/texmf-dist/tex/latex/base/article.cls
Document Class: article 2022/07/02 v1.4n Standard LaTeX document class
(/opt/texlive/2023/texmf-dist/tex/latex/base/size11.clo
File: size11.clo 2022/07/02 v1.4n Standard LaTeX file (size option)
luaotfload | db : Font names database loaded from /home/andrew/.texlive2023/texmf-var/luatex-cache/generic/names/luaotfload-names.luc.gz)
\c@part=\count183
\c@section=\count184
\c@subsection=\count185
\c@subsubsection=\count186
\c@paragraph=\count187
\c@subparagraph=\count188
\c@figure=\count189
\c@table=\count190
\abovecaptionskip=\skip48
\belowcaptionskip=\skip49
\bibindent=\dimen139
) (/opt/texlive/2023/texmf-dist/tex/latex/microtype/microtype.sty
Package: microtype 2023/03/13 v3.1a Micro-typographical refinements (RS)
 (/opt/texlive/2023/texmf-dist/tex/latex/graphics/keyval.sty
Package: keyval 2022/05/29 v1.15 key=value parser (DPC)
\KV@toks@=\toks16
) (/opt/texlive/2023/texmf-dist/tex/latex/etoolbox/etoolbox.sty
Package: etoolbox 2020/10/05 v2.5k e-TeX tools for LaTeX (JAW)
\etb@tempcnta=\count191
)
\MT@toks=\toks17
\MT@tempbox=\box51
\MT@count=\count192
LaTeX Info: Redefining \noprotrusionifhmode on input line 1059.
LaTeX Info: Redefining \leftprotrusion on input line 1060.
\MT@prot@toks=\toks18
LaTeX Info: Redefining \rightprotrusion on input line 1078.
LaTeX Info: Redefining \textls on input line 1368.
\MT@outer@kern=\dimen140
LaTeX Info: Redefining \textmicrotypecontext on input line 1988.
\MT@listname@count=\count193
 (/opt/texlive/2023/texmf-dist/tex/latex/microtype/microtype-luatex.def
File: microtype-luatex.def 2023/03/13 v3.1a Definitions specific to luatex (RS)
Lua module: microtype 2023/03/13 3.1a microtype module.
Module microtype Info: overwriting function `keepligature' on input line 63
LaTeX Info: Redefining \lsstyle on input line 688.
LaTeX Info: Redefining \lslig on input line 688.
\MT@outer@space=\skip50
)
Package microtype Info: Loading configuration file microtype.cfg.
 (/opt/texlive/2023/texmf-dist/tex/latex/microtype/microtype.cfg
File: microtype.cfg 2023/03/13 v3.1a microtype main configuration file (RS)
)) (/opt/texlive/2023/texmf-dist/tex/generic/babel/babel.sty
Package: babel 2023/03/28 3.87 The Babel package
 (/opt/texlive/2023/texmf-dist/tex/generic/babel/luababel.def
\bbl@readstream=\read2
\l@dumylang=\language2
Package babel Info: Non-standard hyphenation setup on input line 118.
\l@nohyphenation=\language3
\l@german-x-2023-03-06=\language4
\l@ngerman-x-2023-03-06=\language5
\l@afrikaans=\language6
\l@ancientgreek=\language7
\l@ibycus=\language8
\l@arabic=\language9
\l@armenian=\language10
\l@basque=\language11
\l@belarusian=\language12
\l@bulgarian=\language13
\l@catalan=\language14
\l@pinyin=\language15
\l@churchslavonic=\language16
\l@coptic=\language17
\l@croatian=\language18
\l@czech=\language19
\l@danish=\language20
\l@dutch=\language21
\l@ukenglish=\language22
\l@usenglishmax=\language23
\l@esperanto=\language24
\l@estonian=\language25
\l@ethiopic=\language26
\l@farsi=\language27
\l@finnish=\language28
\l@schoolfinnish=\language29
\l@french=\language30
\l@friulan=\language31
\l@galician=\language32
\l@georgian=\language33
\l@german=\language34
\l@ngerman=\language35
\l@swissgerman=\language36
\l@greek=\language37
\l@monogreek=\language38
\l@hungarian=\language39
\l@icelandic=\language40
\l@assamese=\language41
\l@bengali=\language42
\l@gujarati=\language43
\l@hindi=\language44
\l@kannada=\language45
\l@malayalam=\language46
\l@marathi=\language47
\l@oriya=\language48
\l@pali=\language49
\l@panjabi=\language50
\l@tamil=\language51
\l@telugu=\language52
\l@indonesian=\language53
\l@interlingua=\language54
\l@irish=\language55
\l@italian=\language56
\l@kurmanji=\language57
\l@classiclatin=\language58
\l@latin=\language59
\l@liturgicallatin=\language60
\l@latvian=\language61
\l@lithuanian=\language62
\l@macedonian=\language63
\l@mongolian=\language64
\l@mongolianlmc=\language65
\l@bokmal=\language66
\l@nynorsk=\language67
\l@occitan=\language68
\l@piedmontese=\language69
\l@polish=\language70
\l@portuguese=\language71
\l@romanian=\language72
\l@romansh=\language73
\l@russian=\language74
\l@sanskrit=\language75
\l@serbian=\language76
\l@serbianc=\language77
\l@slovak=\language78
\l@slovenian=\language79
\l@spanish=\language80
\l@swedish=\language81
\l@thai=\language82
\l@turkish=\language83
\l@turkmen=\language84
\l@ukrainian=\language85
\l@uppersorbian=\language86
\l@welsh=\language87
\babelcatcodetablenum=\catcodetable12
\bbl@pattcodes=\catcodetable13
)
\babel@savecnt=\count194
\U@D=\dimen141
\l@unhyphenated=\language88
 (/opt/texlive/2023/texmf-dist/tex/generic/babel/luababel.def
\bbl@attr@locale=\attribute4
) (/opt/texlive/2023/texmf-dist/tex/generic/babel-english/english.ldf
Language: english 2017/06/06 v3.3r English support from the babel system
Package babel Info: Hyphen rules for 'canadian' set to \l@english
(babel)             (\language0). Reported on input line 102.
Package babel Info: Hyphen rules for 'australian' set to \l@ukenglish
(babel)             (\language22). Reported on input line 105.
Package babel Info: Hyphen rules for 'newzealand' set to \l@ukenglish
(babel)             (\language22). Reported on input line 108.
)) (/opt/texlive/2023/texmf-dist/tex/generic/babel/locale/en/babel-english.tex
Package babel Info: Importing font and identification data for english
(babel)             from babel-en.ini. Reported on input line 11.
) (/opt/texlive/2023/texmf-dist/tex/latex/hyperref/hyperref.sty
Package: hyperref 2023-02-07 v7.00v Hypertext links for LaTeX
 (/opt/texlive/2023/texmf-dist/tex/generic/ltxcmds/ltxcmds.sty
Package: ltxcmds 2020-05-10 v1.25 LaTeX kernel commands for general use (HO)
) (/opt/texlive/2023/texmf-dist/tex/generic/iftex/iftex.sty
Package: iftex 2022/02/03 v1.0f TeX engine tests
) (/opt/texlive/2023/texmf-dist/tex/generic/pdftexcmds/pdftexcmds.sty
Package: pdftexcmds 2020-06-27 v0.33 Utility functions of pdfTeX for LuaTeX (HO)
 (/opt/texlive/2023/texmf-dist/tex/generic/infwarerr/infwarerr.sty
Package: infwarerr 2019/12/03 v1.5 Providing info/warning/error messages (HO)
)
Package pdftexcmds Info: \pdf@primitive is available.
Package pdftexcmds Info: \pdf@ifprimitive is available.
Package pdftexcmds Info: \pdfdraftmode found.
\pdftexcmds@toks=\toks19
) (/opt/texlive/2023/texmf-dist/tex/latex/kvsetkeys/kvsetkeys.sty
Package: kvsetkeys 2022-10-05 v1.19 Key value parser (HO)
) (/opt/texlive/2023/texmf-dist/tex/generic/kvdefinekeys/kvdefinekeys.sty
Package: kvdefinekeys 2019-12-19 v1.6 Define keys (HO)
) (/opt/texlive/2023/texmf-dist/tex/generic/pdfescape/pdfescape.sty
Package: pdfescape 2019/12/09 v1.15 Implements pdfTeX's escape features (HO)
) (/opt/texlive/2023/texmf-dist/tex/latex/hycolor/hycolor.sty
Package: hycolor 2020-01-27 v1.10 Color options for hyperref/bookmark (HO)
) (/opt/texlive/2023/texmf-dist/tex/latex/letltxmacro/letltxmacro.sty
Package: letltxmacro 2019/12/03 v1.6 Let assignment for LaTeX macros (HO)
) (/opt/texlive/2023/texmf-dist/tex/latex/auxhook/auxhook.sty
Package: auxhook 2019-12-17 v1.6 Hooks for auxiliary files (HO)
) (/opt/texlive/2023/texmf-dist/tex/latex/hyperref/nameref.sty
Package: nameref 2022-05-17 v2.50 Cross-referencing by name of section
 (/opt/texlive/2023/texmf-dist/tex/latex/refcount/refcount.sty
Package: refcount 2019/12/15 v3.6 Data extraction from label references (HO)
) (/opt/texlive/2023/texmf-dist/tex/generic/gettitlestring/gettitlestring.sty
Package: gettitlestring 2019/12/15 v1.6 Cleanup title references (HO)
 (/opt/texlive/2023/texmf-dist/tex/latex/kvoptions/kvoptions.sty
Package: kvoptions 2022-06-15 v3.15 Key value format for package options (HO)
))
\c@section@level=\count195
)
\@linkdim=\dimen142
\Hy@linkcounter=\count196
\Hy@pagecounter=\count197
 (/opt/texlive/2023/texmf-dist/tex/latex/hyperref/pd1enc.def
File: pd1enc.def 2023-02-07 v7.00v Hyperref: PDFDocEncoding definition (HO)
) (/opt/texlive/2023/texmf-dist/tex/generic/intcalc/intcalc.sty
Package: intcalc 2019/12/15 v1.3 Expandable calculations with integers (HO)
) (/opt/texlive/2023/texmf-dist/tex/generic/etexcmds/etexcmds.sty
Package: etexcmds 2019/12/15 v1.7 Avoid name clashes with e-TeX commands (HO)
)
\Hy@SavedSpaceFactor=\count198
 (/opt/texlive/2023/texmf-dist/tex/latex/hyperref/puenc.def
File: puenc.def 2023-02-07 v7.00v Hyperref: PDF Unicode definition (HO)
)
Package hyperref Info: Option `final' set `true' on input line 4060.
Package hyperref Info: Option `colorlinks' set `false' on input line 4060.
Package hyperref Info: Hyper figures OFF on input line 4177.
Package hyperref Info: Link nesting OFF on input line 4182.
Package hyperref Info: Hyper index ON on input line 4185.
Package hyperref Info: Plain pages OFF on input line 4192.
Package hyperref Info: Backreferencing OFF on input line 4197.
Package hyperref Info: Implicit mode ON; LaTeX internals redefined.
Package hyperref Info: Bookmarks ON on input line 4425.
\c@Hy@tempcnt=\count199
 (/opt/texlive/2023/texmf-dist/tex/latex/url/url.sty
\Urlmuskip=\muskip16
Package: url 2013/09/16  ver 3.4  Verb mode for urls, etc.
)
LaTeX Info: Redefining \url on input line 4763.
\XeTeXLinkMargin=\dimen143

(/opt/texlive/2023/texmf-dist/tex/generic/bitset/bitset.sty
Package: bitset 2019/12/09 v1.3 Handle bit-vector datatype (HO)
 (/opt/texlive/2023/texmf-dist/tex/generic/bigintcalc/bigintcalc.sty
Package: bigintcalc 2019/12/15 v1.5 Expandable calculations on big integers (HO)
))
\Fld@menulength=\count266
\Field@Width=\dimen144
\Fld@charsize=\dimen145
Package hyperref Info: Hyper figures OFF on input line 6042.
Package hyperref Info: Link nesting OFF on input line 6047.
Package hyperref Info: Hyper index ON on input line 6050.
Package hyperref Info: backreferencing OFF on input line 6057.
Package hyperref Info: Link coloring OFF on input line 6062.
Package hyperref Info: Link coloring with OCG OFF on input line 6067.
Package hyperref Info: PDF/A mode OFF on input line 6072.
 (/opt/texlive/2023/texmf-dist/tex/latex/base/atbegshi-ltx.sty
Package: atbegshi-ltx 2021/01/10 v1.0c Emulation of the original atbegshi
package with kernel methods
)
\Hy@abspage=\count267
\c@Item=\count268
\c@Hfootnote=\count269
)
Package hyperref Info: Driver (autodetected): hluatex.
 (/opt/texlive/2023/texmf-dist/tex/latex/hyperref/hluatex.def
File: hluatex.def 2023-02-07 v7.00v Hyperref driver for luaTeX
 (/opt/texlive/2023/texmf-dist/tex/generic/stringenc/stringenc.sty
Package: stringenc 2019/11/29 v1.12 Convert strings between diff. encodings (HO)
) (/opt/texlive/2023/texmf-dist/tex/latex/base/atveryend-ltx.sty
Package: atveryend-ltx 2020/08/19 v1.0a Emulation of the original atveryend package
with kernel methods
)
\Fld@listcount=\count270
\c@bookmark@seq@number=\count271
 (/opt/texlive/2023/texmf-dist/tex/latex/rerunfilecheck/rerunfilecheck.sty
Package: rerunfilecheck 2022-07-10 v1.10 Rerun checks for auxiliary files (HO)
 (/opt/texlive/2023/texmf-dist/tex/generic/uniquecounter/uniquecounter.sty
Package: uniquecounter 2019/12/15 v1.4 Provide unlimited unique counter (HO)
)
Package uniquecounter Info: New unique counter `rerunfilecheck' on input line 285.
)
\Hy@SectionHShift=\skip51
) (/opt/texlive/2023/texmf-dist/tex/latex/changepage/changepage.sty
Package: changepage 2009/10/20 v1.0c check page and change page layout
\c@cp@cntr=\count272
\cp@tempcnt=\count273
) (/opt/texlive/2023/texmf-dist/tex/latex/fontspec/fontspec.sty (/opt/texlive/2023/texmf-dist/tex/latex/l3packages/xparse/xparse.sty (/opt/texlive/2023/texmf-dist/tex/latex/l3kernel/expl3.sty
Package: expl3 2023-03-30 L3 programming layer (loader) 
 (/opt/texlive/2023/texmf-dist/tex/latex/l3backend/l3backend-luatex.def
File: l3backend-luatex.def 2023-03-30 L3 backend support: PDF output (LuaTeX)
\l__color_backend_stack_int=\count274
Inserting `l3color' in `luaotfload.parse_color'.
\l__pdf_internal_box=\box52
))
Package: xparse 2023-02-02 L3 Experimental document command parser
)
Package: fontspec 2022/01/15 v2.8a Font selection for XeLaTeX and LuaLaTeX
Lua module: fontspec 2022/01/15 2.8a Font selection for XeLaTeX and LuaLaTeX (/opt/texlive/2023/texmf-dist/tex/latex/fontspec/fontspec-luatex.sty
Package: fontspec-luatex 2022/01/15 v2.8a Font selection for XeLaTeX and LuaLaTeX
\l__fontspec_script_int=\count275
\l__fontspec_language_int=\count276
\l__fontspec_strnum_int=\count277
\l__fontspec_tmp_int=\count278
\l__fontspec_tmpa_int=\count279
\l__fontspec_tmpb_int=\count280
\l__fontspec_tmpc_int=\count281
\l__fontspec_em_int=\count282
\l__fontspec_emdef_int=\count283
\l__fontspec_strong_int=\count284
\l__fontspec_strongdef_int=\count285
\l__fontspec_tmpa_dim=\dimen146
\l__fontspec_tmpb_dim=\dimen147
\l__fontspec_tmpc_dim=\dimen148
 (/opt/texlive/2023/texmf-dist/tex/latex/base/fontenc.sty
Package: fontenc 2021/04/29 v2.0v Standard LaTeX package
) (/opt/texlive/2023/texmf-dist/tex/latex/fontspec/fontspec.cfg))) (/opt/texlive/2023/texmf-dist/tex/latex/minted/minted.sty
Package: minted 2022/12/12 v2.7 Yet another Pygments shim for LaTeX
 (/opt/texlive/2023/texmf-dist/tex/latex/fvextra/fvextra.sty
Package: fvextra 2022/11/30 v1.5 fvextra - extensions and patches for fancyvrb
 (/opt/texlive/2023/texmf-dist/tex/latex/fancyvrb/fancyvrb.sty
Package: fancyvrb 2023/01/19 4.5a verbatim text (tvz,hv)
\FV@CodeLineNo=\count286
\FV@InFile=\read3
\FV@TabBox=\box53
\c@FancyVerbLine=\count287
\FV@StepNumber=\count288
\FV@OutFile=\write3
) (/opt/texlive/2023/texmf-dist/tex/latex/upquote/upquote.sty
Package: upquote 2012/04/19 v1.3 upright-quote and grave-accent glyphs in verbatim
 (/opt/texlive/2023/texmf-dist/tex/latex/base/textcomp.sty
Package: textcomp 2020/02/02 v2.0n Standard LaTeX package
)) (/opt/texlive/2023/texmf-dist/tex/latex/lineno/lineno.sty
Package: lineno 2023/01/19 line numbers on paragraphs v5.1
\linenopenalty=\count289
\output=\toks20
\linenoprevgraf=\count290
\linenumbersep=\dimen149
\linenumberwidth=\dimen150
\c@linenumber=\count291
\c@pagewiselinenumber=\count292
\c@LN@truepage=\count293
\c@internallinenumber=\count294
\c@internallinenumbers=\count295
\quotelinenumbersep=\dimen151
\bframerule=\dimen152
\bframesep=\dimen153
\bframebox=\box54
LaTeX Info: Redefining \\ on input line 3131.
)
\c@FV@TrueTabGroupLevel=\count296
\c@FV@TrueTabCounter=\count297
\FV@TabBox@Group=\box55
\FV@TmpLength=\skip52
\c@FV@HighlightLinesStart=\count298
\c@FV@HighlightLinesStop=\count299
\FV@LoopCount=\count300
\FV@NCharsBox=\box56
\FV@BreakIndent=\dimen154
\FV@BreakIndentNChars=\count301
\FV@BreakSymbolSepLeft=\dimen155
\FV@BreakSymbolSepLeftNChars=\count302
\FV@BreakSymbolSepRight=\dimen156
\FV@BreakSymbolSepRightNChars=\count303
\FV@BreakSymbolIndentLeft=\dimen157
\FV@BreakSymbolIndentLeftNChars=\count304
\FV@BreakSymbolIndentRight=\dimen158
\FV@BreakSymbolIndentRightNChars=\count305
\c@FancyVerbLineBreakLast=\count306
\FV@LineBox=\box57
\FV@LineIndentBox=\box58
\c@FV@BreakBufferDepth=\count307
\FV@LineWidth=\dimen159
) (/opt/texlive/2023/texmf-dist/tex/latex/base/ifthen.sty
Package: ifthen 2022/04/13 v1.1d Standard LaTeX ifthen package (DPC)
) (/opt/texlive/2023/texmf-dist/tex/latex/tools/calc.sty
Package: calc 2017/05/25 v4.3 Infix arithmetic (KKT,FJ)
\calc@Acount=\count308
\calc@Bcount=\count309
\calc@Adimen=\dimen160
\calc@Bdimen=\dimen161
\calc@Askip=\skip53
\calc@Bskip=\skip54
LaTeX Info: Redefining \setlength on input line 80.
LaTeX Info: Redefining \addtolength on input line 81.
\calc@Ccount=\count310
\calc@Cskip=\skip55
) (/opt/texlive/2023/texmf-dist/tex/latex/tools/shellesc.sty
Package: shellesc 2019/11/08 v1.0c unified shell escape interface for LaTeX
Package shellesc Info: Unrestricted shell escape enabled on input line 75.
) (/opt/texlive/2023/texmf-dist/tex/latex/ifplatform/ifplatform.sty
Package: ifplatform 2017/10/13 v0.4a Testing for the operating system
 (/opt/texlive/2023/texmf-dist/tex/generic/catchfile/catchfile.sty
Package: catchfile 2019/12/09 v1.8 Catch the contents of a file (HO)
) (/opt/texlive/2023/texmf-dist/tex/generic/iftex/ifluatex.sty
Package: ifluatex 2019/10/25 v1.5 ifluatex legacy package. Use iftex instead.
)
runsystem(uname -s > "CT3536-Assignment-01.w18")...executed
 (./CT3536-Assignment-01.w18)
runsystem(rm -- "CT3536-Assignment-01.w18")...executed
) (/opt/texlive/2023/texmf-dist/tex/generic/xstring/xstring.sty (/opt/texlive/2023/texmf-dist/tex/generic/xstring/xstring.tex
\integerpart=\count311
\decimalpart=\count312
)
Package: xstring 2023/01/14 v1.85 String manipulations (CT)
)
(/opt/texlive/2023/texmf-dist/tex/latex/framed/framed.sty
Package: framed 2011/10/22 v 0.96: framed or shaded text with page breaks
\OuterFrameSep=\skip56
\fb@frw=\dimen162
\fb@frh=\dimen163
\FrameRule=\dimen164
\FrameSep=\dimen165
) (/opt/texlive/2023/texmf-dist/tex/latex/float/float.sty
Package: float 2001/11/08 v1.3d Float enhancements (AL)
\c@float@type=\count313
\float@exts=\toks21
\float@box=\box59
\@float@everytoks=\toks22
\@floatcapt=\box60
)
\minted@appexistsfile=\read4
\minted@bgbox=\box61
\minted@code=\write4
\c@minted@FancyVerbLineTemp=\count314
\c@minted@pygmentizecounter=\count315
\@float@every@listing=\toks23
\c@listing=\count316
)
runsystem(mkdir -p _minted-CT3536-Assignment-01)...executed
 (/opt/texlive/2023/texmf-dist/tex/latex/xcolor/xcolor.sty
Package: xcolor 2022/06/12 v2.14 LaTeX color extensions (UK)
 (/opt/texlive/2023/texmf-dist/tex/latex/graphics-cfg/color.cfg
File: color.cfg 2016/01/02 v1.6 sample color configuration
)
Package xcolor Info: Driver file: luatex.def on input line 227.
 (/opt/texlive/2023/texmf-dist/tex/latex/graphics-def/luatex.def
File: luatex.def 2022/09/22 v1.2d Graphics/color driver for luatex
) (/opt/texlive/2023/texmf-dist/tex/latex/graphics/mathcolor.ltx)
Package xcolor Info: Model `cmy' substituted by `cmy0' on input line 1353.
Package xcolor Info: Model `hsb' substituted by `rgb' on input line 1357.
Package xcolor Info: Model `RGB' extended on input line 1369.
Package xcolor Info: Model `HTML' substituted by `rgb' on input line 1371.
Package xcolor Info: Model `Hsb' substituted by `hsb' on input line 1372.
Package xcolor Info: Model `tHsb' substituted by `hsb' on input line 1373.
Package xcolor Info: Model `HSB' substituted by `hsb' on input line 1374.
Package xcolor Info: Model `Gray' substituted by `gray' on input line 1375.
Package xcolor Info: Model `wave' substituted by `hsb' on input line 1376.
) (/opt/texlive/2023/texmf-dist/tex/latex/pgfplots/pgfplots.sty (/opt/texlive/2023/texmf-dist/tex/generic/pgfplots/pgfplots.revision.tex)
Package: pgfplots 2021/05/15 v1.18.1 Data Visualization (1.18.1)
 (/opt/texlive/2023/texmf-dist/tex/latex/graphics/graphicx.sty
Package: graphicx 2021/09/16 v1.2d Enhanced LaTeX Graphics (DPC,SPQR)
 (/opt/texlive/2023/texmf-dist/tex/latex/graphics/graphics.sty
Package: graphics 2022/03/10 v1.4e Standard LaTeX Graphics (DPC,SPQR)
 (/opt/texlive/2023/texmf-dist/tex/latex/graphics/trig.sty
Package: trig 2021/08/11 v1.11 sin cos tan (DPC)
) (/opt/texlive/2023/texmf-dist/tex/latex/graphics-cfg/graphics.cfg
File: graphics.cfg 2016/06/04 v1.11 sample graphics configuration
)
Package graphics Info: Driver file: luatex.def on input line 107.
)
\Gin@req@height=\dimen166
\Gin@req@width=\dimen167
) (/opt/texlive/2023/texmf-dist/tex/latex/pgf/frontendlayer/tikz.sty (/opt/texlive/2023/texmf-dist/tex/latex/pgf/basiclayer/pgf.sty (/opt/texlive/2023/texmf-dist/tex/latex/pgf/utilities/pgfrcs.sty (/opt/texlive/2023/texmf-dist/tex/generic/pgf/utilities/pgfutil-common.tex
\pgfutil@everybye=\toks24
\pgfutil@tempdima=\dimen168
\pgfutil@tempdimb=\dimen169
) (/opt/texlive/2023/texmf-dist/tex/generic/pgf/utilities/pgfutil-latex.def
\pgfutil@abb=\box62
) (/opt/texlive/2023/texmf-dist/tex/generic/pgf/utilities/pgfrcs.code.tex (/opt/texlive/2023/texmf-dist/tex/generic/pgf/pgf.revision.tex)
Package: pgfrcs 2023-01-15 v3.1.10 (3.1.10)
))
Package: pgf 2023-01-15 v3.1.10 (3.1.10)
 (/opt/texlive/2023/texmf-dist/tex/latex/pgf/basiclayer/pgfcore.sty (/opt/texlive/2023/texmf-dist/tex/latex/pgf/systemlayer/pgfsys.sty (/opt/texlive/2023/texmf-dist/tex/generic/pgf/systemlayer/pgfsys.code.tex
Package: pgfsys 2023-01-15 v3.1.10 (3.1.10)
 (/opt/texlive/2023/texmf-dist/tex/generic/pgf/utilities/pgfkeys.code.tex
\pgfkeys@pathtoks=\toks25
\pgfkeys@temptoks=\toks26
 (/opt/texlive/2023/texmf-dist/tex/generic/pgf/utilities/pgfkeyslibraryfiltered.code.tex
\pgfkeys@tmptoks=\toks27
))
\pgf@x=\dimen170
\pgf@y=\dimen171
\pgf@xa=\dimen172
\pgf@ya=\dimen173
\pgf@xb=\dimen174
\pgf@yb=\dimen175
\pgf@xc=\dimen176
\pgf@yc=\dimen177
\pgf@xd=\dimen178
\pgf@yd=\dimen179
\w@pgf@writea=\write5
\r@pgf@reada=\read5
\c@pgf@counta=\count317
\c@pgf@countb=\count318
\c@pgf@countc=\count319
\c@pgf@countd=\count320
\t@pgf@toka=\toks28
\t@pgf@tokb=\toks29
\t@pgf@tokc=\toks30
\pgf@sys@id@count=\count321
 (/opt/texlive/2023/texmf-dist/tex/generic/pgf/systemlayer/pgf.cfg
File: pgf.cfg 2023-01-15 v3.1.10 (3.1.10)
)
Driver file for pgf: pgfsys-luatex.def
 (/opt/texlive/2023/texmf-dist/tex/generic/pgf/systemlayer/pgfsys-luatex.def
File: pgfsys-luatex.def 2023-01-15 v3.1.10 (3.1.10)
 (/opt/texlive/2023/texmf-dist/tex/generic/pgf/systemlayer/pgfsys-common-pdf.def
File: pgfsys-common-pdf.def 2023-01-15 v3.1.10 (3.1.10)
))) (/opt/texlive/2023/texmf-dist/tex/generic/pgf/systemlayer/pgfsyssoftpath.code.tex
File: pgfsyssoftpath.code.tex 2023-01-15 v3.1.10 (3.1.10)
\pgfsyssoftpath@smallbuffer@items=\count322
\pgfsyssoftpath@bigbuffer@items=\count323
)
(/opt/texlive/2023/texmf-dist/tex/generic/pgf/systemlayer/pgfsysprotocol.code.tex
File: pgfsysprotocol.code.tex 2023-01-15 v3.1.10 (3.1.10)
)) (/opt/texlive/2023/texmf-dist/tex/generic/pgf/basiclayer/pgfcore.code.tex
Package: pgfcore 2023-01-15 v3.1.10 (3.1.10)
 (/opt/texlive/2023/texmf-dist/tex/generic/pgf/math/pgfmath.code.tex (/opt/texlive/2023/texmf-dist/tex/generic/pgf/math/pgfmathutil.code.tex) (/opt/texlive/2023/texmf-dist/tex/generic/pgf/math/pgfmathparser.code.tex
\pgfmath@dimen=\dimen180
\pgfmath@count=\count324
\pgfmath@box=\box63
\pgfmath@toks=\toks31
\pgfmath@stack@operand=\toks32
\pgfmath@stack@operation=\toks33
) (/opt/texlive/2023/texmf-dist/tex/generic/pgf/math/pgfmathfunctions.code.tex) (/opt/texlive/2023/texmf-dist/tex/generic/pgf/math/pgfmathfunctions.basic.code.tex) (/opt/texlive/2023/texmf-dist/tex/generic/pgf/math/pgfmathfunctions.trigonometric.code.tex) (/opt/texlive/2023/texmf-dist/tex/generic/pgf/math/pgfmathfunctions.random.code.tex) (/opt/texlive/2023/texmf-dist/tex/generic/pgf/math/pgfmathfunctions.comparison.code.tex) (/opt/texlive/2023/texmf-dist/tex/generic/pgf/math/pgfmathfunctions.base.code.tex) (/opt/texlive/2023/texmf-dist/tex/generic/pgf/math/pgfmathfunctions.round.code.tex) (/opt/texlive/2023/texmf-dist/tex/generic/pgf/math/pgfmathfunctions.misc.code.tex) (/opt/texlive/2023/texmf-dist/tex/generic/pgf/math/pgfmathfunctions.integerarithmetics.code.tex) (/opt/texlive/2023/texmf-dist/tex/generic/pgf/math/pgfmathcalc.code.tex) (/opt/texlive/2023/texmf-dist/tex/generic/pgf/math/pgfmathfloat.code.tex
\c@pgfmathroundto@lastzeros=\count325
)) (/opt/texlive/2023/texmf-dist/tex/generic/pgf/math/pgfint.code.tex) (/opt/texlive/2023/texmf-dist/tex/generic/pgf/basiclayer/pgfcorepoints.code.tex
File: pgfcorepoints.code.tex 2023-01-15 v3.1.10 (3.1.10)
\pgf@picminx=\dimen181
\pgf@picmaxx=\dimen182
\pgf@picminy=\dimen183
\pgf@picmaxy=\dimen184
\pgf@pathminx=\dimen185
\pgf@pathmaxx=\dimen186
\pgf@pathminy=\dimen187
\pgf@pathmaxy=\dimen188
\pgf@xx=\dimen189
\pgf@xy=\dimen190
\pgf@yx=\dimen191
\pgf@yy=\dimen192
\pgf@zx=\dimen193
\pgf@zy=\dimen194
) (/opt/texlive/2023/texmf-dist/tex/generic/pgf/basiclayer/pgfcorepathconstruct.code.tex
File: pgfcorepathconstruct.code.tex 2023-01-15 v3.1.10 (3.1.10)
\pgf@path@lastx=\dimen195
\pgf@path@lasty=\dimen196
) (/opt/texlive/2023/texmf-dist/tex/generic/pgf/basiclayer/pgfcorepathusage.code.tex
File: pgfcorepathusage.code.tex 2023-01-15 v3.1.10 (3.1.10)
\pgf@shorten@end@additional=\dimen197
\pgf@shorten@start@additional=\dimen198
) (/opt/texlive/2023/texmf-dist/tex/generic/pgf/basiclayer/pgfcorescopes.code.tex
File: pgfcorescopes.code.tex 2023-01-15 v3.1.10 (3.1.10)
\pgfpic=\box64
\pgf@hbox=\box65
\pgf@layerbox@main=\box66
\pgf@picture@serial@count=\count326
) (/opt/texlive/2023/texmf-dist/tex/generic/pgf/basiclayer/pgfcoregraphicstate.code.tex
File: pgfcoregraphicstate.code.tex 2023-01-15 v3.1.10 (3.1.10)
\pgflinewidth=\dimen199
) (/opt/texlive/2023/texmf-dist/tex/generic/pgf/basiclayer/pgfcoretransformations.code.tex
File: pgfcoretransformations.code.tex 2023-01-15 v3.1.10 (3.1.10)
\pgf@pt@x=\dimen256
\pgf@pt@y=\dimen257
\pgf@pt@temp=\dimen258
) (/opt/texlive/2023/texmf-dist/tex/generic/pgf/basiclayer/pgfcorequick.code.tex
File: pgfcorequick.code.tex 2023-01-15 v3.1.10 (3.1.10)
)
(/opt/texlive/2023/texmf-dist/tex/generic/pgf/basiclayer/pgfcoreobjects.code.tex
File: pgfcoreobjects.code.tex 2023-01-15 v3.1.10 (3.1.10)
) (/opt/texlive/2023/texmf-dist/tex/generic/pgf/basiclayer/pgfcorepathprocessing.code.tex
File: pgfcorepathprocessing.code.tex 2023-01-15 v3.1.10 (3.1.10)
) (/opt/texlive/2023/texmf-dist/tex/generic/pgf/basiclayer/pgfcorearrows.code.tex
File: pgfcorearrows.code.tex 2023-01-15 v3.1.10 (3.1.10)
\pgfarrowsep=\dimen259
) (/opt/texlive/2023/texmf-dist/tex/generic/pgf/basiclayer/pgfcoreshade.code.tex
File: pgfcoreshade.code.tex 2023-01-15 v3.1.10 (3.1.10)
\pgf@max=\dimen260
\pgf@sys@shading@range@num=\count327
\pgf@shadingcount=\count328
) (/opt/texlive/2023/texmf-dist/tex/generic/pgf/basiclayer/pgfcoreimage.code.tex
File: pgfcoreimage.code.tex 2023-01-15 v3.1.10 (3.1.10)
) (/opt/texlive/2023/texmf-dist/tex/generic/pgf/basiclayer/pgfcoreexternal.code.tex
File: pgfcoreexternal.code.tex 2023-01-15 v3.1.10 (3.1.10)
\pgfexternal@startupbox=\box67
) (/opt/texlive/2023/texmf-dist/tex/generic/pgf/basiclayer/pgfcorelayers.code.tex
File: pgfcorelayers.code.tex 2023-01-15 v3.1.10 (3.1.10)
) (/opt/texlive/2023/texmf-dist/tex/generic/pgf/basiclayer/pgfcoretransparency.code.tex
File: pgfcoretransparency.code.tex 2023-01-15 v3.1.10 (3.1.10)
) (/opt/texlive/2023/texmf-dist/tex/generic/pgf/basiclayer/pgfcorepatterns.code.tex
File: pgfcorepatterns.code.tex 2023-01-15 v3.1.10 (3.1.10)
) (/opt/texlive/2023/texmf-dist/tex/generic/pgf/basiclayer/pgfcorerdf.code.tex
File: pgfcorerdf.code.tex 2023-01-15 v3.1.10 (3.1.10)
))) (/opt/texlive/2023/texmf-dist/tex/generic/pgf/modules/pgfmoduleshapes.code.tex
File: pgfmoduleshapes.code.tex 2023-01-15 v3.1.10 (3.1.10)
\pgfnodeparttextbox=\box68
) (/opt/texlive/2023/texmf-dist/tex/generic/pgf/modules/pgfmoduleplot.code.tex
File: pgfmoduleplot.code.tex 2023-01-15 v3.1.10 (3.1.10)
) (/opt/texlive/2023/texmf-dist/tex/latex/pgf/compatibility/pgfcomp-version-0-65.sty
Package: pgfcomp-version-0-65 2023-01-15 v3.1.10 (3.1.10)
\pgf@nodesepstart=\dimen261
\pgf@nodesepend=\dimen262
) (/opt/texlive/2023/texmf-dist/tex/latex/pgf/compatibility/pgfcomp-version-1-18.sty
Package: pgfcomp-version-1-18 2023-01-15 v3.1.10 (3.1.10)
)) (/opt/texlive/2023/texmf-dist/tex/latex/pgf/utilities/pgffor.sty (/opt/texlive/2023/texmf-dist/tex/latex/pgf/utilities/pgfkeys.sty (/opt/texlive/2023/texmf-dist/tex/generic/pgf/utilities/pgfkeys.code.tex)) (/opt/texlive/2023/texmf-dist/tex/latex/pgf/math/pgfmath.sty (/opt/texlive/2023/texmf-dist/tex/generic/pgf/math/pgfmath.code.tex)) (/opt/texlive/2023/texmf-dist/tex/generic/pgf/utilities/pgffor.code.tex
Package: pgffor 2023-01-15 v3.1.10 (3.1.10)
\pgffor@iter=\dimen263
\pgffor@skip=\dimen264
\pgffor@stack=\toks34
\pgffor@toks=\toks35
)) (/opt/texlive/2023/texmf-dist/tex/generic/pgf/frontendlayer/tikz/tikz.code.tex
Package: tikz 2023-01-15 v3.1.10 (3.1.10)
 (/opt/texlive/2023/texmf-dist/tex/generic/pgf/libraries/pgflibraryplothandlers.code.tex
File: pgflibraryplothandlers.code.tex 2023-01-15 v3.1.10 (3.1.10)
\pgf@plot@mark@count=\count329
\pgfplotmarksize=\dimen265
)
\tikz@lastx=\dimen266
\tikz@lasty=\dimen267
\tikz@lastxsaved=\dimen268
\tikz@lastysaved=\dimen269
\tikz@lastmovetox=\dimen270
\tikz@lastmovetoy=\dimen271
\tikzleveldistance=\dimen272
\tikzsiblingdistance=\dimen273
\tikz@figbox=\box69
\tikz@figbox@bg=\box70
\tikz@tempbox=\box71
\tikz@tempbox@bg=\box72
\tikztreelevel=\count330
\tikznumberofchildren=\count331
\tikznumberofcurrentchild=\count332
\tikz@fig@count=\count333
 (/opt/texlive/2023/texmf-dist/tex/generic/pgf/modules/pgfmodulematrix.code.tex
File: pgfmodulematrix.code.tex 2023-01-15 v3.1.10 (3.1.10)
\pgfmatrixcurrentrow=\count334
\pgfmatrixcurrentcolumn=\count335
\pgf@matrix@numberofcolumns=\count336
)
\tikz@expandcount=\count337
 (/opt/texlive/2023/texmf-dist/tex/generic/pgf/frontendlayer/tikz/libraries/tikzlibrarytopaths.code.tex
File: tikzlibrarytopaths.code.tex 2023-01-15 v3.1.10 (3.1.10)
))) (/opt/texlive/2023/texmf-dist/tex/generic/pgfplots/pgfplots.code.tex
(/opt/texlive/2023/texmf-dist/tex/generic/pgfplots/pgfplotscore.code.tex
Package pgfplots info on input line 124: Initializing with LUA version Lua 5.3
\pgfplots@luabackend@table=\catcodetable14
\t@pgfplots@toka=\toks36
\t@pgfplots@tokb=\toks37
\t@pgfplots@tokc=\toks38
\pgfplots@tmpa=\dimen274
\c@pgfplots@coordindex=\count338
\c@pgfplots@scanlineindex=\count339
 (/opt/texlive/2023/texmf-dist/tex/generic/pgfplots/sys/pgfplotssysgeneric.code.tex)) (/opt/texlive/2023/texmf-dist/tex/generic/pgfplots/libs/pgfplotslibrary.code.tex) (/opt/texlive/2023/texmf-dist/tex/generic/pgfplots/oldpgfcompatib/pgfplotsoldpgfsupp_loader.code.tex (/opt/texlive/2023/texmf-dist/tex/generic/pgf/libraries/pgflibraryfpu.code.tex)
Package pgfplots: loading complementary utilities for your pgf version...
\t@pgf@toka=\toks39
\t@pgf@tokb=\toks40
\t@pgf@tokc=\toks41
(/opt/texlive/2023/texmf-dist/tex/generic/pgfplots/oldpgfcompatib/pgfplotsoldpgfsupp_pgfutil-common-lists.tex) (/opt/texlive/2023/texmf-dist/tex/generic/pgf/libraries/luamath/pgflibraryluamath.code.tex)
Package pgfplots info on input line 290: luamath library shipped with pgf 3.1.10 is up-to-date
) (/opt/texlive/2023/texmf-dist/tex/generic/pgfplots/util/pgfplotsutil.code.tex
Package pgfplots info on input line 82: Found new luatex: initializing lua commands instead of write18 (shell-escape)
 (/opt/texlive/2023/texmf-dist/tex/generic/pgfplots/liststructure/pgfplotsliststructure.code.tex) (/opt/texlive/2023/texmf-dist/tex/generic/pgfplots/liststructure/pgfplotsliststructureext.code.tex) (/opt/texlive/2023/texmf-dist/tex/generic/pgfplots/liststructure/pgfplotsarray.code.tex
\c@pgfplotsarray@tmp=\count340
) (/opt/texlive/2023/texmf-dist/tex/generic/pgfplots/liststructure/pgfplotsmatrix.code.tex) (/opt/texlive/2023/texmf-dist/tex/generic/pgfplots/numtable/pgfplotstableshared.code.tex
\c@pgfplotstable@counta=\count341
\t@pgfplotstable@a=\toks42
) (/opt/texlive/2023/texmf-dist/tex/generic/pgfplots/liststructure/pgfplotsdeque.code.tex) (/opt/texlive/2023/texmf-dist/tex/generic/pgfplots/util/pgfplotsbinary.code.tex (/opt/texlive/2023/texmf-dist/tex/generic/pgfplots/util/pgfplotsbinary.data.code.tex)) (/opt/texlive/2023/texmf-dist/tex/generic/pgfplots/util/pgfplotsutil.verb.code.tex) (/opt/texlive/2023/texmf-dist/tex/generic/pgfplots/libs/pgflibrarypgfplots.surfshading.code.tex
\c@pgfplotslibrarysurf@no=\count342
 (/opt/texlive/2023/texmf-dist/tex/generic/pgfplots/sys/pgflibrarypgfplots.surfshading.pgfsys-luatex.def))) (/opt/texlive/2023/texmf-dist/tex/generic/pgfplots/util/pgfplotscolormap.code.tex (/opt/texlive/2023/texmf-dist/tex/generic/pgfplots/util/pgfplotscolor.code.tex)) (/opt/texlive/2023/texmf-dist/tex/generic/pgfplots/pgfplotsstackedplots.code.tex) (/opt/texlive/2023/texmf-dist/tex/generic/pgfplots/pgfplotsplothandlers.code.tex (/opt/texlive/2023/texmf-dist/tex/generic/pgfplots/pgfplotsmeshplothandler.code.tex (/opt/texlive/2023/texmf-dist/tex/generic/pgfplots/pgfplotsmeshplotimage.code.tex))) (/opt/texlive/2023/texmf-dist/tex/generic/pgfplots/pgfplots.scaling.code.tex) (/opt/texlive/2023/texmf-dist/tex/generic/pgfplots/pgfplotscoordprocessing.code.tex)
(/opt/texlive/2023/texmf-dist/tex/generic/pgfplots/pgfplots.errorbars.code.tex) (/opt/texlive/2023/texmf-dist/tex/generic/pgfplots/pgfplots.markers.code.tex) (/opt/texlive/2023/texmf-dist/tex/generic/pgfplots/pgfplotsticks.code.tex) (/opt/texlive/2023/texmf-dist/tex/generic/pgfplots/pgfplots.paths.code.tex) (/opt/texlive/2023/texmf-dist/tex/generic/pgf/frontendlayer/tikz/libraries/tikzlibrarydecorations.code.tex (/opt/texlive/2023/texmf-dist/tex/generic/pgf/modules/pgfmoduledecorations.code.tex
\pgfdecoratedcompleteddistance=\dimen275
\pgfdecoratedremainingdistance=\dimen276
\pgfdecoratedinputsegmentcompleteddistance=\dimen277
\pgfdecoratedinputsegmentremainingdistance=\dimen278
\pgf@decorate@distancetomove=\dimen279
\pgf@decorate@repeatstate=\count343
\pgfdecorationsegmentamplitude=\dimen280
\pgfdecorationsegmentlength=\dimen281
)
\tikz@lib@dec@box=\box73
) (/opt/texlive/2023/texmf-dist/tex/generic/pgf/frontendlayer/tikz/libraries/tikzlibrarydecorations.pathmorphing.code.tex (/opt/texlive/2023/texmf-dist/tex/generic/pgf/libraries/decorations/pgflibrarydecorations.pathmorphing.code.tex)) (/opt/texlive/2023/texmf-dist/tex/generic/pgf/frontendlayer/tikz/libraries/tikzlibrarydecorations.pathreplacing.code.tex (/opt/texlive/2023/texmf-dist/tex/generic/pgf/libraries/decorations/pgflibrarydecorations.pathreplacing.code.tex)) (/opt/texlive/2023/texmf-dist/tex/generic/pgfplots/libs/tikzlibrarypgfplots.contourlua.code.tex)
\pgfplots@numplots=\count344
\pgfplots@xmin@reg=\dimen282
\pgfplots@xmax@reg=\dimen283
\pgfplots@ymin@reg=\dimen284
\pgfplots@ymax@reg=\dimen285
\pgfplots@zmin@reg=\dimen286
\pgfplots@zmax@reg=\dimen287
) (/opt/texlive/2023/texmf-dist/tex/generic/pgf/frontendlayer/tikz/libraries/tikzlibraryplotmarks.code.tex
File: tikzlibraryplotmarks.code.tex 2023-01-15 v3.1.10 (3.1.10)
 (/opt/texlive/2023/texmf-dist/tex/generic/pgf/libraries/pgflibraryplotmarks.code.tex
File: pgflibraryplotmarks.code.tex 2023-01-15 v3.1.10 (3.1.10)
))) (/opt/texlive/2023/texmf-dist/tex/latex/caption/caption.sty
Package: caption 2023/03/12 v3.6j Customizing captions (AR)
 (/opt/texlive/2023/texmf-dist/tex/latex/caption/caption3.sty
Package: caption3 2023/03/12 v2.4 caption3 kernel (AR)
\caption@tempdima=\dimen288
\captionmargin=\dimen289
\caption@leftmargin=\dimen290
\caption@rightmargin=\dimen291
\caption@width=\dimen292
\caption@indent=\dimen293
\caption@parindent=\dimen294
\caption@hangindent=\dimen295
Package caption Info: Standard document class detected.
)
\c@caption@flags=\count345
\c@continuedfloat=\count346
Package caption Info: changepage package is loaded.
\caption@adjustwidth@hsize=\dimen296
\caption@adjustwidth@linewidth=\dimen297
Package caption Info: float package is loaded.
Package caption Info: hyperref package is loaded.
) (/opt/texlive/2023/texmf-dist/tex/latex/datetime/datetime.sty
Package: datetime 2015/03/20 v2.60 Date Time Package
 (/opt/texlive/2023/texmf-dist/tex/latex/fmtcount/fmtcount.sty
Package: fmtcount 2020/01/30 v3.07
 (/opt/texlive/2023/texmf-dist/tex/latex/xkeyval/xkeyval.sty
Package: xkeyval 2022/06/16 v2.9 package option processing (HA)
 (/opt/texlive/2023/texmf-dist/tex/generic/xkeyval/xkeyval.tex (/opt/texlive/2023/texmf-dist/tex/generic/xkeyval/xkvutils.tex
\XKV@toks=\toks43
\XKV@tempa@toks=\toks44
)
\XKV@depth=\count347
File: xkeyval.tex 2014/12/03 v2.7a key=value parser (HA)
)) (/opt/texlive/2023/texmf-dist/tex/latex/fmtcount/fcprefix.sty
Package: fcprefix 2012/09/28
 (/opt/texlive/2023/texmf-dist/tex/latex/fmtcount/fcnumparser.sty
Package: fcnumparser 2017/06/15
\fc@digit@counter=\count348
)) (/opt/texlive/2023/texmf-dist/tex/latex/amsmath/amsgen.sty
File: amsgen.sty 1999/11/30 v2.0 generic functions
\@emptytoks=\toks45
\ex@=\dimen298
)
\c@padzeroesN=\count349
\fc@tmpcatcode=\count350
 (/opt/texlive/2023/texmf-dist/tex/latex/fmtcount/fc-english.def
File: fc-english.def 2016/01/12
)
\@DT@modctr=\count351
\@ordinalctr=\count352
\@orgargctr=\count353
\@strctr=\count354
\@tmpstrctr=\count355
\@DT@loopN=\count356
\@DT@X=\count357
)
(/opt/texlive/2023/texmf-dist/tex/latex/datetime/datetime-defaults.sty
Package: datetime-defaults 2013/09/10
)
\@day=\count358
\@month=\count359
\@year=\count360
\c@HOUR=\count361
\c@HOURXII=\count362
\c@MINUTE=\count363
\c@TOHOUR=\count364
\c@TOMINUTE=\count365
\c@SECOND=\count366
\currenthour=\count367
\currentminute=\count368
\currentsecond=\count369
Package datetime Info: No datetime.cfg file found, using default settings on input line 308.
\@dtctr=\count370
\dayofyear=\count371
\dayofweek=\count372
LaTeX Info: Redefining \today on input line 736.
\dt@a=\toks46
\dt@b=\toks47
)
luaotfload | cache : Lookup cache loaded from /home/andrew/.texlive2023/texmf-var/luatex-cache/generic/names/luaotfload-lookup-cache.luc.
luaotfload | aux : font no 23 (nil) does not define feature smcp for script latn with language dflt
luaotfload | aux : font no 24 (nil) does not define feature smcp for script latn with language dflt
luaotfload | aux : font no 25 (nil) does not define feature smcp for script latn with language dflt
luaotfload | aux : font no 26 (nil) does not define feature smcp for script latn with language dflt

Package fontspec Info: Font family 'EBGaramond(0)' created for font 'EB
(fontspec)             Garamond' with options [Ligatures=TeX].
(fontspec)              
(fontspec)              This font family consists of the following NFSS
(fontspec)             series/shapes:
(fontspec)              
(fontspec)             - 'normal' (m/n) with NFSS spec.:
(fontspec)             <->"EBGaramond:mode=node;script=latn;language=dflt;+tlig;"
(fontspec)             - 'small caps'  (m/sc) with NFSS spec.: 
(fontspec)             - 'bold' (b/n) with NFSS spec.:
(fontspec)             <->"EBGaramond/B:mode=node;script=latn;language=dflt;+tlig;"
(fontspec)             - 'bold small caps'  (b/sc) with NFSS spec.: 
(fontspec)             - 'italic' (m/it) with NFSS spec.:
(fontspec)             <->"EBGaramond/I:mode=node;script=latn;language=dflt;+tlig;"
(fontspec)             - 'italic small caps'  (m/scit) with NFSS spec.: 
(fontspec)             - 'bold italic' (b/it) with NFSS spec.:
(fontspec)             <->"EBGaramond/BI:mode=node;script=latn;language=dflt;+tlig;"
(fontspec)             - 'bold italic small caps'  (b/scit) with NFSS spec.: 


Package fontspec Info: DejaVuSansMono scale = 0.7314275230666915.


Package fontspec Info: DejaVuSansMono scale = 0.7314275230666915.

luaotfload | aux : font no 34 (nil) does not define feature smcp for script latn with language dflt

Package fontspec Info: DejaVuSansMono/B scale = 0.7314275230666915.

luaotfload | aux : font no 35 (nil) does not define feature smcp for script latn with language dflt

Package fontspec Info: DejaVuSansMono/I scale = 0.7314275230666915.

luaotfload | aux : font no 36 (nil) does not define feature smcp for script latn with language dflt

Package fontspec Info: DejaVuSansMono/BI scale = 0.7314275230666915.

luaotfload | aux : font no 37 (nil) does not define feature smcp for script latn with language dflt

Package fontspec Info: Font family 'DejaVuSansMono(0)' created for font 'Deja
(fontspec)             Vu Sans Mono' with options
(fontspec)             [WordSpace={1,0,0},HyphenChar=None,PunctuationSpace=WordSpace,Scale=MatchLowercase].
(fontspec)              
(fontspec)              This font family consists of the following NFSS
(fontspec)             series/shapes:
(fontspec)              
(fontspec)             - 'normal' (m/n) with NFSS spec.:
(fontspec)             <->s*[0.7314275230666915]"DejaVuSansMono:mode=node;script=latn;language=dflt;"
(fontspec)             - 'small caps'  (m/sc) with NFSS spec.: 
(fontspec)             and font adjustment code:
(fontspec)             \fontdimen 2\font =1\fontdimen 2\font \fontdimen 3\font
(fontspec)             =0\fontdimen 3\font \fontdimen 4\font =0\fontdimen
(fontspec)             4\font \fontdimen 7\font =0\fontdimen 2\font
(fontspec)             \tex_hyphenchar:D \font =-1\scan_stop: 
(fontspec)             - 'bold' (b/n) with NFSS spec.:
(fontspec)             <->s*[0.7314275230666915]"DejaVuSansMono/B:mode=node;script=latn;language=dflt;"
(fontspec)             - 'bold small caps'  (b/sc) with NFSS spec.: 
(fontspec)             and font adjustment code:
(fontspec)             \fontdimen 2\font =1\fontdimen 2\font \fontdimen 3\font
(fontspec)             =0\fontdimen 3\font \fontdimen 4\font =0\fontdimen
(fontspec)             4\font \fontdimen 7\font =0\fontdimen 2\font
(fontspec)             \tex_hyphenchar:D \font =-1\scan_stop: 
(fontspec)             - 'italic' (m/it) with NFSS spec.:
(fontspec)             <->s*[0.7314275230666915]"DejaVuSansMono/I:mode=node;script=latn;language=dflt;"
(fontspec)             - 'italic small caps'  (m/scit) with NFSS spec.: 
(fontspec)             and font adjustment code:
(fontspec)             \fontdimen 2\font =1\fontdimen 2\font \fontdimen 3\font
(fontspec)             =0\fontdimen 3\font \fontdimen 4\font =0\fontdimen
(fontspec)             4\font \fontdimen 7\font =0\fontdimen 2\font
(fontspec)             \tex_hyphenchar:D \font =-1\scan_stop: 
(fontspec)             - 'bold italic' (b/it) with NFSS spec.:
(fontspec)             <->s*[0.7314275230666915]"DejaVuSansMono/BI:mode=node;script=latn;language=dflt;"
(fontspec)             - 'bold italic small caps'  (b/scit) with NFSS spec.: 
(fontspec)             and font adjustment code:
(fontspec)             \fontdimen 2\font =1\fontdimen 2\font \fontdimen 3\font
(fontspec)             =0\fontdimen 3\font \fontdimen 4\font =0\fontdimen
(fontspec)             4\font \fontdimen 7\font =0\fontdimen 2\font
(fontspec)             \tex_hyphenchar:D \font =-1\scan_stop: 

 (/opt/texlive/2023/texmf-dist/tex/latex/titlesec/titlesec.sty
Package: titlesec 2021/07/05 v2.14 Sectioning titles
\ttl@box=\box74
\beforetitleunit=\skip57
\aftertitleunit=\skip58
\ttl@plus=\dimen299
\ttl@minus=\dimen300
\ttl@toksa=\toks48
\titlewidth=\dimen301
\titlewidthlast=\dimen302
\titlewidthfirst=\dimen303
)
runsystem(which pygmentize && touch CT3536-Assignment-01.aex)...executed
runsystem(rm CT3536-Assignment-01.aex)...executed
 (./CT3536-Assignment-01.aux)
\openout1 = CT3536-Assignment-01.aux

LaTeX Font Info:    Checking defaults for OML/cmm/m/it on input line 43.
LaTeX Font Info:    ... okay on input line 43.
LaTeX Font Info:    Checking defaults for OMS/cmsy/m/n on input line 43.
LaTeX Font Info:    ... okay on input line 43.
LaTeX Font Info:    Checking defaults for OT1/cmr/m/n on input line 43.
LaTeX Font Info:    ... okay on input line 43.
LaTeX Font Info:    Checking defaults for T1/cmr/m/n on input line 43.
LaTeX Font Info:    ... okay on input line 43.
LaTeX Font Info:    Checking defaults for TS1/cmr/m/n on input line 43.
LaTeX Font Info:    Trying to load font information for TS1+cmr on input line 43.
 (/opt/texlive/2023/texmf-dist/tex/latex/base/ts1cmr.fd
File: ts1cmr.fd 2022/07/10 v2.5l Standard LaTeX font definitions
)
LaTeX Font Info:    ... okay on input line 43.
LaTeX Font Info:    Checking defaults for TU/lmr/m/n on input line 43.
LaTeX Font Info:    ... okay on input line 43.
LaTeX Font Info:    Checking defaults for OMX/cmex/m/n on input line 43.
LaTeX Font Info:    ... okay on input line 43.
LaTeX Font Info:    Checking defaults for U/cmr/m/n on input line 43.
LaTeX Font Info:    ... okay on input line 43.
LaTeX Font Info:    Checking defaults for PD1/pdf/m/n on input line 43.
LaTeX Font Info:    ... okay on input line 43.
LaTeX Font Info:    Checking defaults for PU/pdf/m/n on input line 43.
LaTeX Font Info:    ... okay on input line 43.
LaTeX Info: Redefining \microtypecontext on input line 43.
Package microtype Info: Applying patch `item' on input line 43.
Package microtype Info: Applying patch `toc' on input line 43.
Package microtype Info: Applying patch `eqnum' on input line 43.
Package microtype Info: Applying patch `footnote' on input line 43.
Package microtype Info: Applying patch `verbatim' on input line 43.
Package microtype Info: Generating PDF output.
Package microtype Info: Character protrusion enabled (level 2).
Package microtype Info: Using default protrusion set `alltext'.
Package microtype Info: Automatic font expansion enabled (level 2),
(microtype)             stretch: 20, shrink: 20, step: 1, non-selected.
Package microtype Info: Using default expansion set `alltext-nott'.
LaTeX Info: Redefining \showhyphens on input line 43.
Package microtype Info: No adjustment of tracking.
Package microtype Info: No adjustment of spacing.
Package microtype Info: No adjustment of kerning.
 (/opt/texlive/2023/texmf-dist/tex/latex/microtype/mt-EBGaramond.cfg
File: mt-EBGaramond.cfg 2021/10/25 v2.0 microtype config. file: EB Garamond / Adobe Garamond (RS)
)

Package microtype Warning: Unknown slot number of character
(microtype)                `/f.long'
(microtype)                in font encoding `TU' in inheritance list
(microtype)                `mt-EBGaramond.cfg/962(protrusion)'.


Package microtype Warning: Unknown slot number of character
(microtype)                `/longs_l'
(microtype)                in font encoding `TU' in inheritance list
(microtype)                `mt-EBGaramond.cfg/962(protrusion)'.


Package microtype Warning: Unknown slot number of character
(microtype)                `/longs_longs_l'
(microtype)                in font encoding `TU' in inheritance list
(microtype)                `mt-EBGaramond.cfg/962(protrusion)'.


Package microtype Warning: Unknown slot number of character
(microtype)                `/longs_i'
(microtype)                in font encoding `TU' in inheritance list
(microtype)                `mt-EBGaramond.cfg/962(protrusion)'.


Package microtype Warning: Unknown slot number of character
(microtype)                `/longs_longs_i'
(microtype)                in font encoding `TU' in inheritance list
(microtype)                `mt-EBGaramond.cfg/962(protrusion)'.


Package microtype Warning: Unknown slot number of character
(microtype)                `/f.short'
(microtype)                in font encoding `TU' in inheritance list
(microtype)                `mt-EBGaramond.cfg/962(protrusion)'.


Package microtype Warning: Unknown slot number of character
(microtype)                `/u.LATmedi'
(microtype)                in font encoding `TU' in inheritance list
(microtype)                `mt-EBGaramond.cfg/962(protrusion)'.


Package microtype Warning: Unknown slot number of character
(microtype)                `/a.sc'
(microtype)                in font encoding `TU' in inheritance list
(microtype)                `mt-EBGaramond.cfg/962(protrusion)'.


Package microtype Warning: Unknown slot number of character
(microtype)                `/ae.sc'
(microtype)                in font encoding `TU' in inheritance list
(microtype)                `mt-EBGaramond.cfg/962(protrusion)'.


Package microtype Warning: Unknown slot number of character
(microtype)                `/d.sc'
(microtype)                in font encoding `TU' in inheritance list
(microtype)                `mt-EBGaramond.cfg/962(protrusion)'.


Package microtype Warning: Unknown slot number of character
(microtype)                `/f.sc'
(microtype)                in font encoding `TU' in inheritance list
(microtype)                `mt-EBGaramond.cfg/962(protrusion)'.


Package microtype Warning: Unknown slot number of character
(microtype)                `/g.sc'
(microtype)                in font encoding `TU' in inheritance list
(microtype)                `mt-EBGaramond.cfg/962(protrusion)'.


Package microtype Warning: Unknown slot number of character
(microtype)                `/j.sc'
(microtype)                in font encoding `TU' in inheritance list
(microtype)                `mt-EBGaramond.cfg/962(protrusion)'.


Package microtype Warning: Unknown slot number of character
(microtype)                `/l.sc'
(microtype)                in font encoding `TU' in inheritance list
(microtype)                `mt-EBGaramond.cfg/962(protrusion)'.


Package microtype Warning: Unknown slot number of character
(microtype)                `/o.sc'
(microtype)                in font encoding `TU' in inheritance list
(microtype)                `mt-EBGaramond.cfg/962(protrusion)'.


Package microtype Warning: Unknown slot number of character
(microtype)                `/oe.sc'
(microtype)                in font encoding `TU' in inheritance list
(microtype)                `mt-EBGaramond.cfg/962(protrusion)'.


Package microtype Warning: Unknown slot number of character
(microtype)                `/q.sc'
(microtype)                in font encoding `TU' in inheritance list
(microtype)                `mt-EBGaramond.cfg/962(protrusion)'.


Package microtype Warning: Unknown slot number of character
(microtype)                `/r.sc'
(microtype)                in font encoding `TU' in inheritance list
(microtype)                `mt-EBGaramond.cfg/962(protrusion)'.


Package microtype Warning: Unknown slot number of character
(microtype)                `/t.sc'
(microtype)                in font encoding `TU' in inheritance list
(microtype)                `mt-EBGaramond.cfg/962(protrusion)'.


Package microtype Warning: Unknown slot number of character
(microtype)                `/y.sc'
(microtype)                in font encoding `TU' in inheritance list
(microtype)                `mt-EBGaramond.cfg/962(protrusion)'.


Package microtype Warning: Unknown slot number of character
(microtype)                `/one.tosf'
(microtype)                in font encoding `TU' in protrusion list
(microtype)                `EBGaramond-TU'.


Package microtype Warning: Unknown slot number of character
(microtype)                `/two.tosf'
(microtype)                in font encoding `TU' in protrusion list
(microtype)                `EBGaramond-TU'.


Package microtype Warning: Unknown slot number of character
(microtype)                `/three.tosf'
(microtype)                in font encoding `TU' in protrusion list
(microtype)                `EBGaramond-TU'.


Package microtype Warning: Unknown slot number of character
(microtype)                `/four.tosf'
(microtype)                in font encoding `TU' in protrusion list
(microtype)                `EBGaramond-TU'.


Package microtype Warning: Unknown slot number of character
(microtype)                `/five.tosf'
(microtype)                in font encoding `TU' in protrusion list
(microtype)                `EBGaramond-TU'.


Package microtype Warning: Unknown slot number of character
(microtype)                `/six.tosf'
(microtype)                in font encoding `TU' in protrusion list
(microtype)                `EBGaramond-TU'.


Package microtype Warning: Unknown slot number of character
(microtype)                `/seven.tosf'
(microtype)                in font encoding `TU' in protrusion list
(microtype)                `EBGaramond-TU'.


Package microtype Warning: Unknown slot number of character
(microtype)                `/eight.tosf'
(microtype)                in font encoding `TU' in protrusion list
(microtype)                `EBGaramond-TU'.


Package microtype Warning: Unknown slot number of character
(microtype)                `/nine.tosf'
(microtype)                in font encoding `TU' in protrusion list
(microtype)                `EBGaramond-TU'.

Package hyperref Info: Link coloring OFF on input line 43.
(./CT3536-Assignment-01.out) (./CT3536-Assignment-01.out)
\@outlinefile=\write6

\openout6 = CT3536-Assignment-01.out

Package fontspec Info: Adjusting the maths setup (use [no-math] to avoid
(fontspec)             this).

\symlegacymaths=\mathgroup4
LaTeX Font Info:    Overwriting symbol font `legacymaths' in version `bold'
(Font)                  OT1/cmr/m/n --> OT1/cmr/bx/n on input line 43.
LaTeX Font Info:    Redeclaring math accent \acute on input line 43.
LaTeX Font Info:    Redeclaring math accent \grave on input line 43.
LaTeX Font Info:    Redeclaring math accent \ddot on input line 43.
LaTeX Font Info:    Redeclaring math accent \tilde on input line 43.
LaTeX Font Info:    Redeclaring math accent \bar on input line 43.
LaTeX Font Info:    Redeclaring math accent \breve on input line 43.
LaTeX Font Info:    Redeclaring math accent \check on input line 43.
LaTeX Font Info:    Redeclaring math accent \hat on input line 43.
LaTeX Font Info:    Redeclaring math accent \dot on input line 43.
LaTeX Font Info:    Redeclaring math accent \mathring on input line 43.
LaTeX Font Info:    Redeclaring math symbol \colon on input line 43.
LaTeX Font Info:    Redeclaring math symbol \Gamma on input line 43.
LaTeX Font Info:    Redeclaring math symbol \Delta on input line 43.
LaTeX Font Info:    Redeclaring math symbol \Theta on input line 43.
LaTeX Font Info:    Redeclaring math symbol \Lambda on input line 43.
LaTeX Font Info:    Redeclaring math symbol \Xi on input line 43.
LaTeX Font Info:    Redeclaring math symbol \Pi on input line 43.
LaTeX Font Info:    Redeclaring math symbol \Sigma on input line 43.
LaTeX Font Info:    Redeclaring math symbol \Upsilon on input line 43.
LaTeX Font Info:    Redeclaring math symbol \Phi on input line 43.
LaTeX Font Info:    Redeclaring math symbol \Psi on input line 43.
LaTeX Font Info:    Redeclaring math symbol \Omega on input line 43.
LaTeX Font Info:    Redeclaring math symbol \mathdollar on input line 43.
LaTeX Font Info:    Redeclaring symbol font `operators' on input line 43.
LaTeX Font Info:    Encoding `OT1' has changed to `TU' for symbol font
(Font)              `operators' in the math version `normal' on input line 43.
LaTeX Font Info:    Overwriting symbol font `operators' in version `normal'
(Font)                  OT1/cmr/m/n --> TU/EBGaramond(0)/m/n on input line 43.
LaTeX Font Info:    Encoding `OT1' has changed to `TU' for symbol font
(Font)              `operators' in the math version `bold' on input line 43.
LaTeX Font Info:    Overwriting symbol font `operators' in version `bold'
(Font)                  OT1/cmr/bx/n --> TU/EBGaramond(0)/m/n on input line 43.
LaTeX Font Info:    Overwriting symbol font `operators' in version `normal'
(Font)                  TU/EBGaramond(0)/m/n --> TU/EBGaramond(0)/m/n on input line 43.
LaTeX Font Info:    Overwriting math alphabet `\mathit' in version `normal'
(Font)                  OT1/cmr/m/it --> TU/EBGaramond(0)/m/it on input line 43.
LaTeX Font Info:    Overwriting math alphabet `\mathbf' in version `normal'
(Font)                  OT1/cmr/bx/n --> TU/EBGaramond(0)/b/n on input line 43.
LaTeX Font Info:    Overwriting math alphabet `\mathsf' in version `normal'
(Font)                  OT1/cmss/m/n --> TU/lmss/m/n on input line 43.
LaTeX Font Info:    Overwriting math alphabet `\mathtt' in version `normal'
(Font)                  OT1/cmtt/m/n --> TU/DejaVuSansMono(0)/m/n on input line 43.
LaTeX Font Info:    Overwriting symbol font `operators' in version `bold'
(Font)                  TU/EBGaramond(0)/m/n --> TU/EBGaramond(0)/b/n on input line 43.
LaTeX Font Info:    Overwriting math alphabet `\mathit' in version `bold'
(Font)                  OT1/cmr/bx/it --> TU/EBGaramond(0)/b/it on input line 43.
LaTeX Font Info:    Overwriting math alphabet `\mathsf' in version `bold'
(Font)                  OT1/cmss/bx/n --> TU/lmss/b/n on input line 43.
LaTeX Font Info:    Overwriting math alphabet `\mathtt' in version `bold'
(Font)                  OT1/cmtt/m/n --> TU/DejaVuSansMono(0)/b/n on input line 43.
 (/opt/texlive/2023/texmf-dist/tex/context/base/mkii/supp-pdf.mkii
[Loading MPS to PDF converter (version 2006.09.02).]
\scratchcounter=\count373
\scratchdimen=\dimen304
\scratchbox=\box75
\nofMPsegments=\count374
\nofMParguments=\count375
\everyMPshowfont=\toks49
\MPscratchCnt=\count376
\MPscratchDim=\dimen305
\MPnumerator=\count377
\makeMPintoPDFobject=\count378
\everyMPtoPDFconversion=\toks50
) (/opt/texlive/2023/texmf-dist/tex/latex/epstopdf-pkg/epstopdf-base.sty
Package: epstopdf-base 2020-01-24 v2.11 Base part for package epstopdf
Package epstopdf-base Info: Redefining graphics rule for `.eps' on input line 485.
 (/opt/texlive/2023/texmf-dist/tex/latex/latexconfig/epstopdf-sys.cfg
File: epstopdf-sys.cfg 2010/07/13 v1.3 Configuration of (r)epstopdf for TeX Live
))
Package pgfplots notification 'compat/show suggested version=true': you might benefit from \pgfplotsset{compat=1.18} (current compat level: 1.9).

Package caption Info: Begin \AtBeginDocument code.
Package caption Info: End \AtBeginDocument code.

Package microtype Warning: Unknown slot number of character
(microtype)                `/one.tosf'
(microtype)                in font encoding `TU' in protrusion list
(microtype)                `EBGaramond-TU'.


Package microtype Warning: Unknown slot number of character
(microtype)                `/two.tosf'
(microtype)                in font encoding `TU' in protrusion list
(microtype)                `EBGaramond-TU'.


Package microtype Warning: Unknown slot number of character
(microtype)                `/three.tosf'
(microtype)                in font encoding `TU' in protrusion list
(microtype)                `EBGaramond-TU'.


Package microtype Warning: Unknown slot number of character
(microtype)                `/four.tosf'
(microtype)                in font encoding `TU' in protrusion list
(microtype)                `EBGaramond-TU'.


Package microtype Warning: Unknown slot number of character
(microtype)                `/five.tosf'
(microtype)                in font encoding `TU' in protrusion list
(microtype)                `EBGaramond-TU'.


Package microtype Warning: Unknown slot number of character
(microtype)                `/six.tosf'
(microtype)                in font encoding `TU' in protrusion list
(microtype)                `EBGaramond-TU'.


Package microtype Warning: Unknown slot number of character
(microtype)                `/seven.tosf'
(microtype)                in font encoding `TU' in protrusion list
(microtype)                `EBGaramond-TU'.


Package microtype Warning: Unknown slot number of character
(microtype)                `/eight.tosf'
(microtype)                in font encoding `TU' in protrusion list
(microtype)                `EBGaramond-TU'.


Package microtype Warning: Unknown slot number of character
(microtype)                `/nine.tosf'
(microtype)                in font encoding `TU' in protrusion list
(microtype)                `EBGaramond-TU'.


Package microtype Warning: Unknown slot number of character
(microtype)                `/one.tosf'
(microtype)                in font encoding `TU' in protrusion list
(microtype)                `EBGaramond-TU'.


Package microtype Warning: Unknown slot number of character
(microtype)                `/two.tosf'
(microtype)                in font encoding `TU' in protrusion list
(microtype)                `EBGaramond-TU'.


Package microtype Warning: Unknown slot number of character
(microtype)                `/three.tosf'
(microtype)                in font encoding `TU' in protrusion list
(microtype)                `EBGaramond-TU'.


Package microtype Warning: Unknown slot number of character
(microtype)                `/four.tosf'
(microtype)                in font encoding `TU' in protrusion list
(microtype)                `EBGaramond-TU'.


Package microtype Warning: Unknown slot number of character
(microtype)                `/five.tosf'
(microtype)                in font encoding `TU' in protrusion list
(microtype)                `EBGaramond-TU'.


Package microtype Warning: Unknown slot number of character
(microtype)                `/six.tosf'
(microtype)                in font encoding `TU' in protrusion list
(microtype)                `EBGaramond-TU'.


Package microtype Warning: Unknown slot number of character
(microtype)                `/seven.tosf'
(microtype)                in font encoding `TU' in protrusion list
(microtype)                `EBGaramond-TU'.


Package microtype Warning: Unknown slot number of character
(microtype)                `/eight.tosf'
(microtype)                in font encoding `TU' in protrusion list
(microtype)                `EBGaramond-TU'.


Package microtype Warning: Unknown slot number of character
(microtype)                `/nine.tosf'
(microtype)                in font encoding `TU' in protrusion list
(microtype)                `EBGaramond-TU'.


Package microtype Warning: Unknown slot number of character
(microtype)                `/one.tosf'
(microtype)                in font encoding `TU' in protrusion list
(microtype)                `EBGaramond-TU'.


Package microtype Warning: Unknown slot number of character
(microtype)                `/two.tosf'
(microtype)                in font encoding `TU' in protrusion list
(microtype)                `EBGaramond-TU'.


Package microtype Warning: Unknown slot number of character
(microtype)                `/three.tosf'
(microtype)                in font encoding `TU' in protrusion list
(microtype)                `EBGaramond-TU'.


Package microtype Warning: Unknown slot number of character
(microtype)                `/four.tosf'
(microtype)                in font encoding `TU' in protrusion list
(microtype)                `EBGaramond-TU'.


Package microtype Warning: Unknown slot number of character
(microtype)                `/five.tosf'
(microtype)                in font encoding `TU' in protrusion list
(microtype)                `EBGaramond-TU'.


Package microtype Warning: Unknown slot number of character
(microtype)                `/six.tosf'
(microtype)                in font encoding `TU' in protrusion list
(microtype)                `EBGaramond-TU'.


Package microtype Warning: Unknown slot number of character
(microtype)                `/seven.tosf'
(microtype)                in font encoding `TU' in protrusion list
(microtype)                `EBGaramond-TU'.


Package microtype Warning: Unknown slot number of character
(microtype)                `/eight.tosf'
(microtype)                in font encoding `TU' in protrusion list
(microtype)                `EBGaramond-TU'.


Package microtype Warning: Unknown slot number of character
(microtype)                `/nine.tosf'
(microtype)                in font encoding `TU' in protrusion list
(microtype)                `EBGaramond-TU'.


Package microtype Warning: Unknown slot number of character
(microtype)                `/one.tosf'
(microtype)                in font encoding `TU' in protrusion list
(microtype)                `EBGaramond-TU'.


Package microtype Warning: Unknown slot number of character
(microtype)                `/two.tosf'
(microtype)                in font encoding `TU' in protrusion list
(microtype)                `EBGaramond-TU'.


Package microtype Warning: Unknown slot number of character
(microtype)                `/three.tosf'
(microtype)                in font encoding `TU' in protrusion list
(microtype)                `EBGaramond-TU'.


Package microtype Warning: Unknown slot number of character
(microtype)                `/four.tosf'
(microtype)                in font encoding `TU' in protrusion list
(microtype)                `EBGaramond-TU'.


Package microtype Warning: Unknown slot number of character
(microtype)                `/five.tosf'
(microtype)                in font encoding `TU' in protrusion list
(microtype)                `EBGaramond-TU'.


Package microtype Warning: Unknown slot number of character
(microtype)                `/six.tosf'
(microtype)                in font encoding `TU' in protrusion list
(microtype)                `EBGaramond-TU'.


Package microtype Warning: Unknown slot number of character
(microtype)                `/seven.tosf'
(microtype)                in font encoding `TU' in protrusion list
(microtype)                `EBGaramond-TU'.


Package microtype Warning: Unknown slot number of character
(microtype)                `/eight.tosf'
(microtype)                in font encoding `TU' in protrusion list
(microtype)                `EBGaramond-TU'.


Package microtype Warning: Unknown slot number of character
(microtype)                `/nine.tosf'
(microtype)                in font encoding `TU' in protrusion list
(microtype)                `EBGaramond-TU'.

LaTeX Font Info:    External font `cmex10' loaded for size
(Font)              <10.95> on input line 51.
LaTeX Font Info:    External font `cmex10' loaded for size
(Font)              <8> on input line 51.
LaTeX Font Info:    External font `cmex10' loaded for size
(Font)              <6> on input line 51.
(/opt/texlive/2023/texmf-dist/tex/latex/microtype/mt-cmr.cfg
File: mt-cmr.cfg 2013/05/19 v2.2 microtype config. file: Computer Modern Roman (RS)
)

Package microtype Warning: Unknown slot number of character
(microtype)                `/one.tosf'
(microtype)                in font encoding `TU' in protrusion list
(microtype)                `EBGaramond-TU'.


Package microtype Warning: Unknown slot number of character
(microtype)                `/two.tosf'
(microtype)                in font encoding `TU' in protrusion list
(microtype)                `EBGaramond-TU'.


Package microtype Warning: Unknown slot number of character
(microtype)                `/three.tosf'
(microtype)                in font encoding `TU' in protrusion list
(microtype)                `EBGaramond-TU'.


Package microtype Warning: Unknown slot number of character
(microtype)                `/four.tosf'
(microtype)                in font encoding `TU' in protrusion list
(microtype)                `EBGaramond-TU'.


Package microtype Warning: Unknown slot number of character
(microtype)                `/five.tosf'
(microtype)                in font encoding `TU' in protrusion list
(microtype)                `EBGaramond-TU'.


Package microtype Warning: Unknown slot number of character
(microtype)                `/six.tosf'
(microtype)                in font encoding `TU' in protrusion list
(microtype)                `EBGaramond-TU'.


Package microtype Warning: Unknown slot number of character
(microtype)                `/seven.tosf'
(microtype)                in font encoding `TU' in protrusion list
(microtype)                `EBGaramond-TU'.


Package microtype Warning: Unknown slot number of character
(microtype)                `/eight.tosf'
(microtype)                in font encoding `TU' in protrusion list
(microtype)                `EBGaramond-TU'.


Package microtype Warning: Unknown slot number of character
(microtype)                `/nine.tosf'
(microtype)                in font encoding `TU' in protrusion list
(microtype)                `EBGaramond-TU'.


Package microtype Warning: Unknown slot number of character
(microtype)                `/one.tosf'
(microtype)                in font encoding `TU' in protrusion list
(microtype)                `EBGaramond-TU'.


Package microtype Warning: Unknown slot number of character
(microtype)                `/two.tosf'
(microtype)                in font encoding `TU' in protrusion list
(microtype)                `EBGaramond-TU'.


Package microtype Warning: Unknown slot number of character
(microtype)                `/three.tosf'
(microtype)                in font encoding `TU' in protrusion list
(microtype)                `EBGaramond-TU'.


Package microtype Warning: Unknown slot number of character
(microtype)                `/four.tosf'
(microtype)                in font encoding `TU' in protrusion list
(microtype)                `EBGaramond-TU'.


Package microtype Warning: Unknown slot number of character
(microtype)                `/five.tosf'
(microtype)                in font encoding `TU' in protrusion list
(microtype)                `EBGaramond-TU'.


Package microtype Warning: Unknown slot number of character
(microtype)                `/six.tosf'
(microtype)                in font encoding `TU' in protrusion list
(microtype)                `EBGaramond-TU'.


Package microtype Warning: Unknown slot number of character
(microtype)                `/seven.tosf'
(microtype)                in font encoding `TU' in protrusion list
(microtype)                `EBGaramond-TU'.


Package microtype Warning: Unknown slot number of character
(microtype)                `/eight.tosf'
(microtype)                in font encoding `TU' in protrusion list
(microtype)                `EBGaramond-TU'.


Package microtype Warning: Unknown slot number of character
(microtype)                `/nine.tosf'
(microtype)                in font encoding `TU' in protrusion list
(microtype)                `EBGaramond-TU'.


Package microtype Warning: Unknown slot number of character
(microtype)                `/one.tosf'
(microtype)                in font encoding `TU' in protrusion list
(microtype)                `EBGaramond-TU'.


Package microtype Warning: Unknown slot number of character
(microtype)                `/two.tosf'
(microtype)                in font encoding `TU' in protrusion list
(microtype)                `EBGaramond-TU'.


Package microtype Warning: Unknown slot number of character
(microtype)                `/three.tosf'
(microtype)                in font encoding `TU' in protrusion list
(microtype)                `EBGaramond-TU'.


Package microtype Warning: Unknown slot number of character
(microtype)                `/four.tosf'
(microtype)                in font encoding `TU' in protrusion list
(microtype)                `EBGaramond-TU'.


Package microtype Warning: Unknown slot number of character
(microtype)                `/five.tosf'
(microtype)                in font encoding `TU' in protrusion list
(microtype)                `EBGaramond-TU'.


Package microtype Warning: Unknown slot number of character
(microtype)                `/six.tosf'
(microtype)                in font encoding `TU' in protrusion list
(microtype)                `EBGaramond-TU'.


Package microtype Warning: Unknown slot number of character
(microtype)                `/seven.tosf'
(microtype)                in font encoding `TU' in protrusion list
(microtype)                `EBGaramond-TU'.


Package microtype Warning: Unknown slot number of character
(microtype)                `/eight.tosf'
(microtype)                in font encoding `TU' in protrusion list
(microtype)                `EBGaramond-TU'.


Package microtype Warning: Unknown slot number of character
(microtype)                `/nine.tosf'
(microtype)                in font encoding `TU' in protrusion list
(microtype)                `EBGaramond-TU'.

(./_minted-CT3536-Assignment-01/default.pygstyle) (./_minted-CT3536-Assignment-01/66F8050977FABE130280777AB914A3C395426AEF6E2064180BF8083424B63623.pygtex
LaTeX Font Info:    Font shape `TU/DejaVuSansMono(0)/m/n' will be
(Font)              scaled to size 8.00916pt on input line 1.
Package microtype Info: Loading generic protrusion settings for font family
(microtype)             `DejaVuSansMono' (encoding: TU).
(microtype)             For optimal results, create family-specific settings.
(microtype)             See the microtype manual for details.
LaTeX Font Info:    Font shape `TU/DejaVuSansMono(0)/m/it' will be
(Font)              scaled to size 8.00916pt on input line 2.
LaTeX Font Info:    Font shape `TU/DejaVuSansMono(0)/b/n' will be
(Font)              scaled to size 8.00916pt on input line 4.
LaTeX Font Info:    Font shape `TU/DejaVuSansMono(0)/m/n' will be
(Font)              scaled to size 4.38858pt on input line 23.


Package microtype Warning: Unknown slot number of character
(microtype)                `/one.tosf'
(microtype)                in font encoding `TU' in protrusion list
(microtype)                `EBGaramond-TU'.


Package microtype Warning: Unknown slot number of character
(microtype)                `/two.tosf'
(microtype)                in font encoding `TU' in protrusion list
(microtype)                `EBGaramond-TU'.


Package microtype Warning: Unknown slot number of character
(microtype)                `/three.tosf'
(microtype)                in font encoding `TU' in protrusion list
(microtype)                `EBGaramond-TU'.


Package microtype Warning: Unknown slot number of character
(microtype)                `/four.tosf'
(microtype)                in font encoding `TU' in protrusion list
(microtype)                `EBGaramond-TU'.


Package microtype Warning: Unknown slot number of character
(microtype)                `/five.tosf'
(microtype)                in font encoding `TU' in protrusion list
(microtype)                `EBGaramond-TU'.


Package microtype Warning: Unknown slot number of character
(microtype)                `/six.tosf'
(microtype)                in font encoding `TU' in protrusion list
(microtype)                `EBGaramond-TU'.


Package microtype Warning: Unknown slot number of character
(microtype)                `/seven.tosf'
(microtype)                in font encoding `TU' in protrusion list
(microtype)                `EBGaramond-TU'.


Package microtype Warning: Unknown slot number of character
(microtype)                `/eight.tosf'
(microtype)                in font encoding `TU' in protrusion list
(microtype)                `EBGaramond-TU'.


Package microtype Warning: Unknown slot number of character
(microtype)                `/nine.tosf'
(microtype)                in font encoding `TU' in protrusion list
(microtype)                `EBGaramond-TU'.

LaTeX Font Info:    External font `cmex10' loaded for size
(Font)              <5> on input line 23.
[1

{/opt/texlive/2023/texmf-var/fonts/map/pdftex/updmap/pdftex.map}])
Package hyperref Info: bookmark level for unknown listing defaults to 0 on input line 71.
 [2] (./CT3536-Assignment-01.aux)
Package rerunfilecheck Info: File `CT3536-Assignment-01.out' has not changed.
(rerunfilecheck)             Checksum: D41D8CD98F00B204E9800998ECF8427E;0.
)

Here is how much of LuaTeX's memory you used:
 41446 strings out of 478278
 125240,1977958 words of node,token memory allocated
 546 words of node memory still in use:
   4 hlist, 1 vlist, 1 rule, 1 local_par, 5 glue, 4 kern, 1 penalty, 1 margin_kern, 4 glyph, 14 attribute, 56 glue_spec, 8 attribute_list, 2 write nodes
   avail lists: 1:1,2:3496,3:393,4:956,5:703,6:157,7:7249,8:3,9:1570,10:18,11:42
 60255 multiletter control sequences out of 65536+600000
 62 fonts using 15409551 bytes
 99i,8n,119p,1033b,870s stack positions out of 10000i,1000n,20000p,200000b,200000s
</usr/share/fonts/TTF/DejaVuSansMono.ttf></usr/share/fonts/TTF/DejaVuSansMono-Bold.ttf></usr/share/fonts/TTF/DejaVuSansMono-Oblique.ttf></usr/share/fonts/TTF/EB_Garamond/EBGaramond-VariableFont_wght.ttf></usr/share/fonts/TTF/EB_Garamond/EBGaramond-Bold.ttf></opt/texlive/2023/texmf-dist/fonts/type1/public/amsfonts/cm/cmmi6.pfb></opt/texlive/2023/texmf-dist/fonts/type1/public/amsfonts/cm/cmsy6.pfb>
Output written on CT3536-Assignment-01.pdf (2 pages, 100202 bytes).

PDF statistics: 66 PDF objects out of 1000 (max. 8388607)
 44 compressed objects within 1 object stream
 4 named destinations out of 1000 (max. 131072)
 16 words of extra memory for PDF output out of 10000 (max. 100000000)

